<?xml version="1.0" encoding="UTF-8"?>
<testsuite name="core.HighScoreEntryTest" tests="5" skipped="0" failures="0" errors="0" timestamp="2026-06-21T22:55:29.858Z" hostname="sero" time="0.012">
  <properties/>
  <testcase name="toString should pad the score field to a fixed width" classname="core.HighScoreEntryTest" time="0.002"/>
  <testcase name="setName should update the stored name" classname="core.HighScoreEntryTest" time="0.001"/>
  <testcase name="setScore should update the stored score" classname="core.HighScoreEntryTest" time="0.001"/>
  <testcase name="Constructor should correctly set name, score, and winner" classname="core.HighScoreEntryTest" time="0.001"/>
  <testcase name="toString should contain name, score, and winner information" classname="core.HighScoreEntryTest" time="0.001"/>
  <system-out><![CDATA[]]></system-out>
  <system-err><![CDATA[]]></system-err>
</testsuite>
